<?xml version="1.0" encoding="UTF-8"?>
<testng-results skipped="0" failed="1" ignored="0" total="2" passed="1">
  <reporter-output>
  </reporter-output>
  <suite name="firstrun" duration-ms="19713" started-at="2020-04-04T20:06:37 PDT" finished-at="2020-04-04T20:06:57 PDT">
    <groups>
    </groups>
    <test name="firstcase" duration-ms="19713" started-at="2020-04-04T20:06:37 PDT" finished-at="2020-04-04T20:06:57 PDT">
      <class name="testNGPractice.SimpleTestForListener">
        <test-method status="FAIL" signature="OpenAmazonSite(org.testng.ITestContext)[pri:0, instance:testNGPractice.SimpleTestForListener@3712b94]" name="OpenAmazonSite" duration-ms="10450" started-at="2020-04-04T20:06:37 PDT" finished-at="2020-04-04T20:06:48 PDT">
          <params>
            <param index="0">
              <value>
                <![CDATA[org.testng.TestRunner@7692d9cc]]>
              </value>
            </param>
          </params>
          <exception class="java.lang.AssertionError">
            <message>
              <![CDATA[expected [aAmazon.com: Online Shopping for Electronics, Apparel, Computers, Books, DVDs & more] but found [Amazon.com: Online Shopping for Electronics, Apparel, Computers, Books, DVDs & more]]]>
            </message>
            <full-stacktrace>
              <![CDATA[java.lang.AssertionError: expected [aAmazon.com: Online Shopping for Electronics, Apparel, Computers, Books, DVDs & more] but found [Amazon.com: Online Shopping for Electronics, Apparel, Computers, Books, DVDs & more]
at org.testng.Assert.fail(Assert.java:97)
at org.testng.Assert.assertEqualsImpl(Assert.java:136)
at org.testng.Assert.assertEquals(Assert.java:118)
at org.testng.Assert.assertEquals(Assert.java:575)
at org.testng.Assert.assertEquals(Assert.java:585)
at testNGPractice.SimpleTestForListener.OpenAmazonSite(SimpleTestForListener.java:52)
at sun.reflect.NativeMethodAccessorImpl.invoke0(Native Method)
at sun.reflect.NativeMethodAccessorImpl.invoke(NativeMethodAccessorImpl.java:62)
at sun.reflect.DelegatingMethodAccessorImpl.invoke(DelegatingMethodAccessorImpl.java:43)
at java.lang.reflect.Method.invoke(Method.java:498)
at org.testng.internal.MethodInvocationHelper.invokeMethod(MethodInvocationHelper.java:133)
at org.testng.internal.TestInvoker.invokeMethod(TestInvoker.java:584)
at org.testng.internal.TestInvoker.invokeTestMethod(TestInvoker.java:172)
at org.testng.internal.MethodRunner.runInSequence(MethodRunner.java:46)
at org.testng.internal.TestInvoker$MethodInvocationAgent.invoke(TestInvoker.java:804)
at org.testng.internal.TestInvoker.invokeTestMethods(TestInvoker.java:145)
at org.testng.internal.TestMethodWorker.invokeTestMethods(TestMethodWorker.java:146)
at org.testng.internal.TestMethodWorker.run(TestMethodWorker.java:128)
at java.util.ArrayList.forEach(ArrayList.java:1257)
at org.testng.TestRunner.privateRun(TestRunner.java:770)
at org.testng.TestRunner.run(TestRunner.java:591)
at org.testng.SuiteRunner.runTest(SuiteRunner.java:402)
at org.testng.SuiteRunner.runSequentially(SuiteRunner.java:396)
at org.testng.SuiteRunner.privateRun(SuiteRunner.java:355)
at org.testng.SuiteRunner.run(SuiteRunner.java:304)
at org.testng.SuiteRunnerWorker.runSuite(SuiteRunnerWorker.java:53)
at org.testng.SuiteRunnerWorker.run(SuiteRunnerWorker.java:96)
at org.testng.TestNG.runSuitesSequentially(TestNG.java:1180)
at org.testng.TestNG.runSuitesLocally(TestNG.java:1102)
at org.testng.TestNG.runSuites(TestNG.java:1032)
at org.testng.TestNG.run(TestNG.java:1000)
at org.testng.remote.AbstractRemoteTestNG.run(AbstractRemoteTestNG.java:115)
at org.testng.remote.RemoteTestNG.initAndRun(RemoteTestNG.java:251)
at org.testng.remote.RemoteTestNG.main(RemoteTestNG.java:77)
]]>
            </full-stacktrace>
          </exception> <!-- java.lang.AssertionError -->
          <reporter-output>
          </reporter-output>
        </test-method> <!-- OpenAmazonSite -->
        <test-method status="PASS" signature="teardown()[pri:0, instance:testNGPractice.SimpleTestForListener@3712b94]" name="teardown" is-config="true" duration-ms="655" started-at="2020-04-04T20:06:49 PDT" finished-at="2020-04-04T20:06:49 PDT">
          <reporter-output>
          </reporter-output>
        </test-method> <!-- teardown -->
        <test-method status="PASS" signature="OpenEbaySite(org.testng.ITestContext)[pri:1, instance:testNGPractice.SimpleTestForListener@3712b94]" name="OpenEbaySite" duration-ms="6658" started-at="2020-04-04T20:06:49 PDT" finished-at="2020-04-04T20:06:56 PDT">
          <params>
            <param index="0">
              <value>
                <![CDATA[org.testng.TestRunner@7692d9cc]]>
              </value>
            </param>
          </params>
          <reporter-output>
          </reporter-output>
        </test-method> <!-- OpenEbaySite -->
        <test-method status="PASS" signature="teardown()[pri:0, instance:testNGPractice.SimpleTestForListener@3712b94]" name="teardown" is-config="true" duration-ms="1141" started-at="2020-04-04T20:06:56 PDT" finished-at="2020-04-04T20:06:57 PDT">
          <reporter-output>
          </reporter-output>
        </test-method> <!-- teardown -->
      </class> <!-- testNGPractice.SimpleTestForListener -->
    </test> <!-- firstcase -->
  </suite> <!-- firstrun -->
</testng-results>
